# JRE version: Java(TM) SE Runtime Environment (8.0_211-b12) (build 1.8.0_211-b12)
# Java VM: Java HotSpot(TM) 64-Bit Server VM (25.211-b12 mixed mode windows-amd64 compressed oops)
Heap:
 PSYoungGen      total 116224K, used 46216K [0x000000076c780000, 0x0000000775500000, 0x00000007c0000000)
  eden space 111104K, 41% used [0x000000076c780000,0x000000076f4a2318,0x0000000773400000)
  from space 5120K, 0% used [0x0000000775000000,0x0000000775000000,0x0000000775500000)
  to   space 10752K, 0% used [0x0000000774000000,0x0000000774000000,0x0000000774a80000)
 ParOldGen       total 130560K, used 11698K [0x00000006c5600000, 0x00000006cd580000, 0x000000076c780000)
  object space 130560K, 8% used [0x00000006c5600000,0x00000006c616c928,0x00000006cd580000)
 Metaspace       used 35066K, capacity 37822K, committed 38016K, reserved 1081344K
  class space    used 4692K, capacity 5193K, committed 5248K, reserved 1048576K
GC Heap History (10 events):
Event: 5.837 GC heap before
{Heap before GC invocations=4 (full 1):
 PSYoungGen      total 75264K, used 5876K [0x000000076c780000, 0x0000000775a80000, 0x00000007c0000000)
  eden space 64512K, 0% used [0x000000076c780000,0x000000076c780000,0x0000000770680000)
  from space 10752K, 54% used [0x0000000770680000,0x0000000770c3d3e8,0x0000000771100000)
  to   space 10752K, 0% used [0x0000000775000000,0x0000000775000000,0x0000000775a80000)
 ParOldGen       total 172032K, used 32K [0x00000006c5600000, 0x00000006cfe00000, 0x000000076c780000)
  object space 172032K, 0% used [0x00000006c5600000,0x00000006c5608000,0x00000006cfe00000)
 Metaspace       used 19670K, capacity 21224K, committed 21296K, reserved 1067008K
  class space    used 2627K, capacity 2914K, committed 2944K, reserved 1048576K
Event: 5.894 GC heap after
Heap after GC invocations=4 (full 1):
 PSYoungGen      total 75264K, used 0K [0x000000076c780000, 0x0000000775a80000, 0x00000007c0000000)
  eden space 64512K, 0% used [0x000000076c780000,0x000000076c780000,0x0000000770680000)
  from space 10752K, 0% used [0x0000000770680000,0x0000000770680000,0x0000000771100000)
  to   space 10752K, 0% used [0x0000000775000000,0x0000000775000000,0x0000000775a80000)
 ParOldGen       total 87552K, used 5769K [0x00000006c5600000, 0x00000006cab80000, 0x000000076c780000)
  object space 87552K, 6% used [0x00000006c5600000,0x00000006c5ba24c8,0x00000006cab80000)
 Metaspace       used 19670K, capacity 21224K, committed 21296K, reserved 1067008K
  class space    used 2627K, capacity 2914K, committed 2944K, reserved 1048576K
}
Event: 6.457 GC heap before
{Heap before GC invocations=5 (full 1):
 PSYoungGen      total 75264K, used 64512K [0x000000076c780000, 0x0000000775a80000, 0x00000007c0000000)
  eden space 64512K, 100% used [0x000000076c780000,0x0000000770680000,0x0000000770680000)
  from space 10752K, 0% used [0x0000000770680000,0x0000000770680000,0x0000000771100000)
  to   space 10752K, 0% used [0x0000000775000000,0x0000000775000000,0x0000000775a80000)
 ParOldGen       total 87552K, used 5769K [0x00000006c5600000, 0x00000006cab80000, 0x000000076c780000)
  object space 87552K, 6% used [0x00000006c5600000,0x00000006c5ba24c8,0x00000006cab80000)
 Metaspace       used 22723K, capacity 24390K, committed 24448K, reserved 1071104K
  class space    used 3114K, capacity 3421K, committed 3456K, reserved 1048576K
Event: 6.466 GC heap after
Heap after GC invocations=5 (full 1):
 PSYoungGen      total 116224K, used 4723K [0x000000076c780000, 0x0000000775500000, 0x00000007c0000000)
  eden space 111104K, 0% used [0x000000076c780000,0x000000076c780000,0x0000000773400000)
  from space 5120K, 92% used [0x0000000775000000,0x000000077549cc78,0x0000000775500000)
  to   space 10752K, 0% used [0x0000000774000000,0x0000000774000000,0x0000000774a80000)
 ParOldGen       total 87552K, used 5769K [0x00000006c5600000, 0x00000006cab80000, 0x000000076c780000)
  object space 87552K, 6% used [0x00000006c5600000,0x00000006c5ba24c8,0x00000006cab80000)
 Metaspace       used 22723K, capacity 24390K, committed 24448K, reserved 1071104K
  class space    used 3114K, capacity 3421K, committed 3456K, reserved 1048576K
}
Event: 8.333 GC heap before
{Heap before GC invocations=6 (full 1):
 PSYoungGen      total 116224K, used 115827K [0x000000076c780000, 0x0000000775500000, 0x00000007c0000000)
  eden space 111104K, 100% used [0x000000076c780000,0x0000000773400000,0x0000000773400000)
  from space 5120K, 92% used [0x0000000775000000,0x000000077549cc78,0x0000000775500000)
  to   space 10752K, 0% used [0x0000000774000000,0x0000000774000000,0x0000000774a80000)
 ParOldGen       total 87552K, used 5769K [0x00000006c5600000, 0x00000006cab80000, 0x000000076c780000)
  object space 87552K, 6% used [0x00000006c5600000,0x00000006c5ba24c8,0x00000006cab80000)
 Metaspace       used 30908K, capacity 32898K, committed 33152K, reserved 1077248K
  class space    used 4099K, capacity 4467K, committed 4480K, reserved 1048576K
Event: 8.350 GC heap after
Heap after GC invocations=6 (full 1):
 PSYoungGen      total 121856K, used 10732K [0x000000076c780000, 0x0000000775500000, 0x00000007c0000000)
  eden space 111104K, 0% used [0x000000076c780000,0x000000076c780000,0x0000000773400000)
  from space 10752K, 99% used [0x0000000774000000,0x0000000774a7b128,0x0000000774a80000)
  to   space 5120K, 0% used [0x0000000775000000,0x0000000775000000,0x0000000775500000)
 ParOldGen       total 87552K, used 6995K [0x00000006c5600000, 0x00000006cab80000, 0x000000076c780000)
  object space 87552K, 7% used [0x00000006c5600000,0x00000006c5cd4da0,0x00000006cab80000)
 Metaspace       used 30908K, capacity 32898K, committed 33152K, reserved 1077248K
  class space    used 4099K, capacity 4467K, committed 4480K, reserved 1048576K
}
Event: 8.959 GC heap before
{Heap before GC invocations=7 (full 1):
 PSYoungGen      total 121856K, used 63166K [0x000000076c780000, 0x0000000775500000, 0x00000007c0000000)
  eden space 111104K, 47% used [0x000000076c780000,0x000000076fab4728,0x0000000773400000)
  from space 10752K, 99% used [0x0000000774000000,0x0000000774a7b128,0x0000000774a80000)
  to   space 5120K, 0% used [0x0000000775000000,0x0000000775000000,0x0000000775500000)
 ParOldGen       total 87552K, used 6995K [0x00000006c5600000, 0x00000006cab80000, 0x000000076c780000)
  object space 87552K, 7% used [0x00000006c5600000,0x00000006c5cd4da0,0x00000006cab80000)
 Metaspace       used 33167K, capacity 35396K, committed 35496K, reserved 1079296K
  class space    used 4414K, capacity 4834K, committed 4864K, reserved 1048576K
Event: 8.968 GC heap after
Heap after GC invocations=7 (full 1):
 PSYoungGen      total 116224K, used 5088K [0x000000076c780000, 0x0000000775500000, 0x00000007c0000000)
  eden space 111104K, 0% used [0x000000076c780000,0x000000076c780000,0x0000000773400000)
  from space 5120K, 99% used [0x0000000775000000,0x00000007754f8020,0x0000000775500000)
  to   space 10752K, 0% used [0x0000000774000000,0x0000000774000000,0x0000000774a80000)
 ParOldGen       total 87552K, used 8692K [0x00000006c5600000, 0x00000006cab80000, 0x000000076c780000)
  object space 87552K, 9% used [0x00000006c5600000,0x00000006c5e7d160,0x00000006cab80000)
 Metaspace       used 33167K, capacity 35396K, committed 35496K, reserved 1079296K
  class space    used 4414K, capacity 4834K, committed 4864K, reserved 1048576K
}
Event: 8.968 GC heap before
{Heap before GC invocations=8 (full 2):
 PSYoungGen      total 116224K, used 5088K [0x000000076c780000, 0x0000000775500000, 0x00000007c0000000)
  eden space 111104K, 0% used [0x000000076c780000,0x000000076c780000,0x0000000773400000)
  from space 5120K, 99% used [0x0000000775000000,0x00000007754f8020,0x0000000775500000)
  to   space 10752K, 0% used [0x0000000774000000,0x0000000774000000,0x0000000774a80000)
 ParOldGen       total 87552K, used 8692K [0x00000006c5600000, 0x00000006cab80000, 0x000000076c780000)
  object space 87552K, 9% used [0x00000006c5600000,0x00000006c5e7d160,0x00000006cab80000)
 Metaspace       used 33167K, capacity 35396K, committed 35496K, reserved 1079296K
  class space    used 4414K, capacity 4834K, committed 4864K, reserved 1048576K
Event: 9.028 GC heap after
Heap after GC invocations=8 (full 2):
 PSYoungGen      total 116224K, used 0K [0x000000076c780000, 0x0000000775500000, 0x00000007c0000000)
  eden space 111104K, 0% used [0x000000076c780000,0x000000076c780000,0x0000000773400000)
  from space 5120K, 0% used [0x0000000775000000,0x0000000775000000,0x0000000775500000)
  to   space 10752K, 0% used [0x0000000774000000,0x0000000774000000,0x0000000774a80000)
 ParOldGen       total 130560K, used 11698K [0x00000006c5600000, 0x00000006cd580000, 0x000000076c780000)
  object space 130560K, 8% used [0x00000006c5600000,0x00000006c616c928,0x00000006cd580000)
 Metaspace       used 33167K, capacity 35396K, committed 35496K, reserved 1079296K
  class space    used 4414K, capacity 4834K, committed 4864K, reserved 1048576K
}

