# JRE version: Java(TM) SE Runtime Environment (8.0_211-b12) (build 1.8.0_211-b12)
# Java VM: Java HotSpot(TM) 64-Bit Server VM (25.211-b12 mixed mode windows-amd64 compressed oops)
Heap:
 PSYoungGen      total 120320K, used 11758K [0x000000076c780000, 0x0000000774a80000, 0x00000007c0000000)
  eden space 111616K, 3% used [0x000000076c780000,0x000000076cb43528,0x0000000773480000)
  from space 8704K, 90% used [0x0000000774200000,0x00000007749b8650,0x0000000774a80000)
  to   space 11264K, 0% used [0x0000000773480000,0x0000000773480000,0x0000000773f80000)
 ParOldGen       total 81408K, used 11561K [0x00000006c5600000, 0x00000006ca580000, 0x000000076c780000)
  object space 81408K, 14% used [0x00000006c5600000,0x00000006c614a4a8,0x00000006ca580000)
 Metaspace       used 37066K, capacity 39961K, committed 40192K, reserved 1083392K
  class space    used 5015K, capacity 5523K, committed 5632K, reserved 1048576K
GC Heap History (10 events):
Event: 5.175 GC heap before
{Heap before GC invocations=6 (full 1):
 PSYoungGen      total 75264K, used 69420K [0x000000076c780000, 0x0000000774e80000, 0x00000007c0000000)
  eden space 64512K, 100% used [0x000000076c780000,0x0000000770680000,0x0000000770680000)
  from space 10752K, 45% used [0x0000000771100000,0x00000007715cb170,0x0000000771b80000)
  to   space 10752K, 0% used [0x0000000770680000,0x0000000770680000,0x0000000771100000)
 ParOldGen       total 81408K, used 5346K [0x00000006c5600000, 0x00000006ca580000, 0x000000076c780000)
  object space 81408K, 6% used [0x00000006c5600000,0x00000006c5b388c0,0x00000006ca580000)
 Metaspace       used 27786K, capacity 29659K, committed 29824K, reserved 1075200K
  class space    used 3714K, capacity 4104K, committed 4224K, reserved 1048576K
Event: 5.180 GC heap after
Heap after GC invocations=6 (full 1):
 PSYoungGen      total 75264K, used 7985K [0x000000076c780000, 0x0000000774d00000, 0x00000007c0000000)
  eden space 64512K, 0% used [0x000000076c780000,0x000000076c780000,0x0000000770680000)
  from space 10752K, 74% used [0x0000000770680000,0x0000000770e4c490,0x0000000771100000)
  to   space 11264K, 0% used [0x0000000774200000,0x0000000774200000,0x0000000774d00000)
 ParOldGen       total 81408K, used 5354K [0x00000006c5600000, 0x00000006ca580000, 0x000000076c780000)
  object space 81408K, 6% used [0x00000006c5600000,0x00000006c5b3a8c0,0x00000006ca580000)
 Metaspace       used 27786K, capacity 29659K, committed 29824K, reserved 1075200K
  class space    used 3714K, capacity 4104K, committed 4224K, reserved 1048576K
}
Event: 6.068 GC heap before
{Heap before GC invocations=7 (full 1):
 PSYoungGen      total 75264K, used 72497K [0x000000076c780000, 0x0000000774d00000, 0x00000007c0000000)
  eden space 64512K, 100% used [0x000000076c780000,0x0000000770680000,0x0000000770680000)
  from space 10752K, 74% used [0x0000000770680000,0x0000000770e4c490,0x0000000771100000)
  to   space 11264K, 0% used [0x0000000774200000,0x0000000774200000,0x0000000774d00000)
 ParOldGen       total 81408K, used 5354K [0x00000006c5600000, 0x00000006ca580000, 0x000000076c780000)
  object space 81408K, 6% used [0x00000006c5600000,0x00000006c5b3a8c0,0x00000006ca580000)
 Metaspace       used 31610K, capacity 33787K, committed 33920K, reserved 1079296K
  class space    used 4230K, capacity 4638K, committed 4736K, reserved 1048576K
Event: 6.078 GC heap after
Heap after GC invocations=7 (full 1):
 PSYoungGen      total 120320K, used 8150K [0x000000076c780000, 0x0000000774a80000, 0x00000007c0000000)
  eden space 111616K, 0% used [0x000000076c780000,0x000000076c780000,0x0000000773480000)
  from space 8704K, 93% used [0x0000000774200000,0x00000007749f5aa8,0x0000000774a80000)
  to   space 11264K, 0% used [0x0000000773480000,0x0000000773480000,0x0000000773f80000)
 ParOldGen       total 81408K, used 5362K [0x00000006c5600000, 0x00000006ca580000, 0x000000076c780000)
  object space 81408K, 6% used [0x00000006c5600000,0x00000006c5b3c8c0,0x00000006ca580000)
 Metaspace       used 31610K, capacity 33787K, committed 33920K, reserved 1079296K
  class space    used 4230K, capacity 4638K, committed 4736K, reserved 1048576K
}
Event: 6.532 GC heap before
{Heap before GC invocations=8 (full 1):
 PSYoungGen      total 120320K, used 41877K [0x000000076c780000, 0x0000000774a80000, 0x00000007c0000000)
  eden space 111616K, 30% used [0x000000076c780000,0x000000076e86fb50,0x0000000773480000)
  from space 8704K, 93% used [0x0000000774200000,0x00000007749f5aa8,0x0000000774a80000)
  to   space 11264K, 0% used [0x0000000773480000,0x0000000773480000,0x0000000773f80000)
 ParOldGen       total 81408K, used 5362K [0x00000006c5600000, 0x00000006ca580000, 0x000000076c780000)
  object space 81408K, 6% used [0x00000006c5600000,0x00000006c5b3c8c0,0x00000006ca580000)
 Metaspace       used 33072K, capacity 35333K, committed 35456K, reserved 1079296K
  class space    used 4445K, capacity 4881K, committed 4992K, reserved 1048576K
Event: 6.545 GC heap after
Heap after GC invocations=8 (full 1):
 PSYoungGen      total 122880K, used 6663K [0x000000076c780000, 0x0000000774a80000, 0x00000007c0000000)
  eden space 111616K, 0% used [0x000000076c780000,0x000000076c780000,0x0000000773480000)
  from space 11264K, 59% used [0x0000000773480000,0x0000000773b01ea0,0x0000000773f80000)
  to   space 8704K, 0% used [0x0000000774200000,0x0000000774200000,0x0000000774a80000)
 ParOldGen       total 81408K, used 5370K [0x00000006c5600000, 0x00000006ca580000, 0x000000076c780000)
  object space 81408K, 6% used [0x00000006c5600000,0x00000006c5b3e8c0,0x00000006ca580000)
 Metaspace       used 33072K, capacity 35333K, committed 35456K, reserved 1079296K
  class space    used 4445K, capacity 4881K, committed 4992K, reserved 1048576K
}
Event: 6.545 GC heap before
{Heap before GC invocations=9 (full 2):
 PSYoungGen      total 122880K, used 6663K [0x000000076c780000, 0x0000000774a80000, 0x00000007c0000000)
  eden space 111616K, 0% used [0x000000076c780000,0x000000076c780000,0x0000000773480000)
  from space 11264K, 59% used [0x0000000773480000,0x0000000773b01ea0,0x0000000773f80000)
  to   space 8704K, 0% used [0x0000000774200000,0x0000000774200000,0x0000000774a80000)
 ParOldGen       total 81408K, used 5370K [0x00000006c5600000, 0x00000006ca580000, 0x000000076c780000)
  object space 81408K, 6% used [0x00000006c5600000,0x00000006c5b3e8c0,0x00000006ca580000)
 Metaspace       used 33072K, capacity 35333K, committed 35456K, reserved 1079296K
  class space    used 4445K, capacity 4881K, committed 4992K, reserved 1048576K
Event: 6.702 GC heap after
Heap after GC invocations=9 (full 2):
 PSYoungGen      total 122880K, used 0K [0x000000076c780000, 0x0000000774a80000, 0x00000007c0000000)
  eden space 111616K, 0% used [0x000000076c780000,0x000000076c780000,0x0000000773480000)
  from space 11264K, 0% used [0x0000000773480000,0x0000000773480000,0x0000000773f80000)
  to   space 8704K, 0% used [0x0000000774200000,0x0000000774200000,0x0000000774a80000)
 ParOldGen       total 81408K, used 11553K [0x00000006c5600000, 0x00000006ca580000, 0x000000076c780000)
  object space 81408K, 14% used [0x00000006c5600000,0x00000006c61484a8,0x00000006ca580000)
 Metaspace       used 33072K, capacity 35333K, committed 35456K, reserved 1079296K
  class space    used 4445K, capacity 4881K, committed 4992K, reserved 1048576K
}
Event: 8.386 GC heap before
{Heap before GC invocations=10 (full 2):
 PSYoungGen      total 122880K, used 111616K [0x000000076c780000, 0x0000000774a80000, 0x00000007c0000000)
  eden space 111616K, 100% used [0x000000076c780000,0x0000000773480000,0x0000000773480000)
  from space 11264K, 0% used [0x0000000773480000,0x0000000773480000,0x0000000773f80000)
  to   space 8704K, 0% used [0x0000000774200000,0x0000000774200000,0x0000000774a80000)
 ParOldGen       total 81408K, used 11553K [0x00000006c5600000, 0x00000006ca580000, 0x000000076c780000)
  object space 81408K, 14% used [0x00000006c5600000,0x00000006c61484a8,0x00000006ca580000)
 Metaspace       used 36923K, capacity 39819K, committed 39936K, reserved 1083392K
  class space    used 4997K, capacity 5518K, committed 5632K, reserved 1048576K
Event: 8.404 GC heap after
Heap after GC invocations=10 (full 2):
 PSYoungGen      total 120320K, used 7905K [0x000000076c780000, 0x0000000774a80000, 0x00000007c0000000)
  eden space 111616K, 0% used [0x000000076c780000,0x000000076c780000,0x0000000773480000)
  from space 8704K, 90% used [0x0000000774200000,0x00000007749b8650,0x0000000774a80000)
  to   space 11264K, 0% used [0x0000000773480000,0x0000000773480000,0x0000000773f80000)
 ParOldGen       total 81408K, used 11561K [0x00000006c5600000, 0x00000006ca580000, 0x000000076c780000)
  object space 81408K, 14% used [0x00000006c5600000,0x00000006c614a4a8,0x00000006ca580000)
 Metaspace       used 36923K, capacity 39819K, committed 39936K, reserved 1083392K
  class space    used 4997K, capacity 5518K, committed 5632K, reserved 1048576K
}

