# JRE version: Java(TM) SE Runtime Environment (8.0_211-b12) (build 1.8.0_211-b12)
# Java VM: Java HotSpot(TM) 64-Bit Server VM (25.211-b12 mixed mode windows-amd64 compressed oops)
Heap:
 PSYoungGen      total 125952K, used 70794K [0x000000076c780000, 0x0000000774d80000, 0x00000007c0000000)
  eden space 114688K, 61% used [0x000000076c780000,0x0000000770ca2a00,0x0000000773780000)
  from space 11264K, 0% used [0x0000000773780000,0x0000000773780000,0x0000000774280000)
  to   space 9216K, 0% used [0x0000000774480000,0x0000000774480000,0x0000000774d80000)
 ParOldGen       total 79360K, used 11592K [0x00000006c5600000, 0x00000006ca380000, 0x000000076c780000)
  object space 79360K, 14% used [0x00000006c5600000,0x00000006c6152060,0x00000006ca380000)
 Metaspace       used 35417K, capacity 38189K, committed 38400K, reserved 1083392K
  class space    used 4776K, capacity 5251K, committed 5376K, reserved 1048576K
GC Heap History (10 events):
Event: 5.311 GC heap before
{Heap before GC invocations=5 (full 1):
 PSYoungGen      total 75264K, used 64512K [0x000000076c780000, 0x0000000771b80000, 0x00000007c0000000)
  eden space 64512K, 100% used [0x000000076c780000,0x0000000770680000,0x0000000770680000)
  from space 10752K, 0% used [0x0000000770680000,0x0000000770680000,0x0000000771100000)
  to   space 10752K, 0% used [0x0000000771100000,0x0000000771100000,0x0000000771b80000)
 ParOldGen       total 79360K, used 5399K [0x00000006c5600000, 0x00000006ca380000, 0x000000076c780000)
  object space 79360K, 6% used [0x00000006c5600000,0x00000006c5b45ec8,0x00000006ca380000)
 Metaspace       used 22722K, capacity 24409K, committed 24448K, reserved 1071104K
  class space    used 3124K, capacity 3455K, committed 3456K, reserved 1048576K
Event: 5.318 GC heap after
Heap after GC invocations=5 (full 1):
 PSYoungGen      total 75264K, used 4872K [0x000000076c780000, 0x0000000775080000, 0x00000007c0000000)
  eden space 64512K, 0% used [0x000000076c780000,0x000000076c780000,0x0000000770680000)
  from space 10752K, 45% used [0x0000000771100000,0x00000007715c2100,0x0000000771b80000)
  to   space 10752K, 0% used [0x0000000770680000,0x0000000770680000,0x0000000771100000)
 ParOldGen       total 79360K, used 5399K [0x00000006c5600000, 0x00000006ca380000, 0x000000076c780000)
  object space 79360K, 6% used [0x00000006c5600000,0x00000006c5b45ec8,0x00000006ca380000)
 Metaspace       used 22722K, capacity 24409K, committed 24448K, reserved 1071104K
  class space    used 3124K, capacity 3455K, committed 3456K, reserved 1048576K
}
Event: 5.999 GC heap before
{Heap before GC invocations=6 (full 1):
 PSYoungGen      total 75264K, used 69384K [0x000000076c780000, 0x0000000775080000, 0x00000007c0000000)
  eden space 64512K, 100% used [0x000000076c780000,0x0000000770680000,0x0000000770680000)
  from space 10752K, 45% used [0x0000000771100000,0x00000007715c2100,0x0000000771b80000)
  to   space 10752K, 0% used [0x0000000770680000,0x0000000770680000,0x0000000771100000)
 ParOldGen       total 79360K, used 5399K [0x00000006c5600000, 0x00000006ca380000, 0x000000076c780000)
  object space 79360K, 6% used [0x00000006c5600000,0x00000006c5b45ec8,0x00000006ca380000)
 Metaspace       used 27815K, capacity 29737K, committed 30080K, reserved 1075200K
  class space    used 3721K, capacity 4105K, committed 4224K, reserved 1048576K
Event: 6.005 GC heap after
Heap after GC invocations=6 (full 1):
 PSYoungGen      total 75264K, used 8045K [0x000000076c780000, 0x0000000774f80000, 0x00000007c0000000)
  eden space 64512K, 0% used [0x000000076c780000,0x000000076c780000,0x0000000770680000)
  from space 10752K, 74% used [0x0000000770680000,0x0000000770e5b448,0x0000000771100000)
  to   space 11264K, 0% used [0x0000000774480000,0x0000000774480000,0x0000000774f80000)
 ParOldGen       total 79360K, used 5407K [0x00000006c5600000, 0x00000006ca380000, 0x000000076c780000)
  object space 79360K, 6% used [0x00000006c5600000,0x00000006c5b47ec8,0x00000006ca380000)
 Metaspace       used 27815K, capacity 29737K, committed 30080K, reserved 1075200K
  class space    used 3721K, capacity 4105K, committed 4224K, reserved 1048576K
}
Event: 6.892 GC heap before
{Heap before GC invocations=7 (full 1):
 PSYoungGen      total 75264K, used 72557K [0x000000076c780000, 0x0000000774f80000, 0x00000007c0000000)
  eden space 64512K, 100% used [0x000000076c780000,0x0000000770680000,0x0000000770680000)
  from space 10752K, 74% used [0x0000000770680000,0x0000000770e5b448,0x0000000771100000)
  to   space 11264K, 0% used [0x0000000774480000,0x0000000774480000,0x0000000774f80000)
 ParOldGen       total 79360K, used 5407K [0x00000006c5600000, 0x00000006ca380000, 0x000000076c780000)
  object space 79360K, 6% used [0x00000006c5600000,0x00000006c5b47ec8,0x00000006ca380000)
 Metaspace       used 31623K, capacity 33739K, committed 33920K, reserved 1079296K
  class space    used 4239K, capacity 4638K, committed 4736K, reserved 1048576K
Event: 6.901 GC heap after
Heap after GC invocations=7 (full 1):
 PSYoungGen      total 123904K, used 8176K [0x000000076c780000, 0x0000000774d80000, 0x00000007c0000000)
  eden space 114688K, 0% used [0x000000076c780000,0x000000076c780000,0x0000000773780000)
  from space 9216K, 88% used [0x0000000774480000,0x0000000774c7c2e0,0x0000000774d80000)
  to   space 11264K, 0% used [0x0000000773780000,0x0000000773780000,0x0000000774280000)
 ParOldGen       total 79360K, used 5415K [0x00000006c5600000, 0x00000006ca380000, 0x000000076c780000)
  object space 79360K, 6% used [0x00000006c5600000,0x00000006c5b49ec8,0x00000006ca380000)
 Metaspace       used 31623K, capacity 33739K, committed 33920K, reserved 1079296K
  class space    used 4239K, capacity 4638K, committed 4736K, reserved 1048576K
}
Event: 7.236 GC heap before
{Heap before GC invocations=8 (full 1):
 PSYoungGen      total 123904K, used 42718K [0x000000076c780000, 0x0000000774d80000, 0x00000007c0000000)
  eden space 114688K, 30% used [0x000000076c780000,0x000000076e93b568,0x0000000773780000)
  from space 9216K, 88% used [0x0000000774480000,0x0000000774c7c2e0,0x0000000774d80000)
  to   space 11264K, 0% used [0x0000000773780000,0x0000000773780000,0x0000000774280000)
 ParOldGen       total 79360K, used 5415K [0x00000006c5600000, 0x00000006ca380000, 0x000000076c780000)
  object space 79360K, 6% used [0x00000006c5600000,0x00000006c5b49ec8,0x00000006ca380000)
 Metaspace       used 33103K, capacity 35377K, committed 35456K, reserved 1079296K
  class space    used 4448K, capacity 4913K, committed 4992K, reserved 1048576K
Event: 7.245 GC heap after
Heap after GC invocations=8 (full 1):
 PSYoungGen      total 125952K, used 6694K [0x000000076c780000, 0x0000000774d80000, 0x00000007c0000000)
  eden space 114688K, 0% used [0x000000076c780000,0x000000076c780000,0x0000000773780000)
  from space 11264K, 59% used [0x0000000773780000,0x0000000773e09928,0x0000000774280000)
  to   space 9216K, 0% used [0x0000000774480000,0x0000000774480000,0x0000000774d80000)
 ParOldGen       total 79360K, used 5423K [0x00000006c5600000, 0x00000006ca380000, 0x000000076c780000)
  object space 79360K, 6% used [0x00000006c5600000,0x00000006c5b4bec8,0x00000006ca380000)
 Metaspace       used 33103K, capacity 35377K, committed 35456K, reserved 1079296K
  class space    used 4448K, capacity 4913K, committed 4992K, reserved 1048576K
}
Event: 7.245 GC heap before
{Heap before GC invocations=9 (full 2):
 PSYoungGen      total 125952K, used 6694K [0x000000076c780000, 0x0000000774d80000, 0x00000007c0000000)
  eden space 114688K, 0% used [0x000000076c780000,0x000000076c780000,0x0000000773780000)
  from space 11264K, 59% used [0x0000000773780000,0x0000000773e09928,0x0000000774280000)
  to   space 9216K, 0% used [0x0000000774480000,0x0000000774480000,0x0000000774d80000)
 ParOldGen       total 79360K, used 5423K [0x00000006c5600000, 0x00000006ca380000, 0x000000076c780000)
  object space 79360K, 6% used [0x00000006c5600000,0x00000006c5b4bec8,0x00000006ca380000)
 Metaspace       used 33103K, capacity 35377K, committed 35456K, reserved 1079296K
  class space    used 4448K, capacity 4913K, committed 4992K, reserved 1048576K
Event: 7.339 GC heap after
Heap after GC invocations=9 (full 2):
 PSYoungGen      total 125952K, used 0K [0x000000076c780000, 0x0000000774d80000, 0x00000007c0000000)
  eden space 114688K, 0% used [0x000000076c780000,0x000000076c780000,0x0000000773780000)
  from space 11264K, 0% used [0x0000000773780000,0x0000000773780000,0x0000000774280000)
  to   space 9216K, 0% used [0x0000000774480000,0x0000000774480000,0x0000000774d80000)
 ParOldGen       total 79360K, used 11592K [0x00000006c5600000, 0x00000006ca380000, 0x000000076c780000)
  object space 79360K, 14% used [0x00000006c5600000,0x00000006c6152060,0x00000006ca380000)
 Metaspace       used 33103K, capacity 35377K, committed 35456K, reserved 1079296K
  class space    used 4448K, capacity 4913K, committed 4992K, reserved 1048576K
}

